<?xml version="1.0" encoding="UTF-8"?>
<testng-results ignored="0" total="2" passed="2" failed="0" skipped="0">
  <reporter-output>
  </reporter-output>
  <suite started-at="2022-03-23T19:15:02 EDT" name="Suite" finished-at="2022-03-23T19:15:09 EDT" duration-ms="6964">
    <groups>
    </groups>
    <test started-at="2022-03-23T19:15:02 EDT" name="Test" finished-at="2022-03-23T19:15:09 EDT" duration-ms="6964">
      <class name="NorthWestern.sauceDemoParallel">
        <test-method signature="demoSession()[pri:0, instance:NorthWestern.sauceDemoParallel@741a8937]" started-at="2022-03-23T19:15:02 EDT" name="demoSession" finished-at="2022-03-23T19:15:08 EDT" duration-ms="5632" status="PASS">
          <reporter-output>
          </reporter-output>
        </test-method> <!-- demoSession -->
        <test-method signature="demoSession2()[pri:0, instance:NorthWestern.sauceDemoParallel@741a8937]" started-at="2022-03-23T19:15:02 EDT" name="demoSession2" finished-at="2022-03-23T19:15:09 EDT" duration-ms="6928" status="PASS">
          <reporter-output>
          </reporter-output>
        </test-method> <!-- demoSession2 -->
      </class> <!-- NorthWestern.sauceDemoParallel -->
    </test> <!-- Test -->
  </suite> <!-- Suite -->
</testng-results>
